make all --print-data-base --no-builtin-variables --no-builtin-rules --question
# GNU Make 3.81
# Copyright (C) 2006  Free Software Foundation, Inc.
# This is free software; see the source for copying conditions.
# There is NO warranty; not even for MERCHANTABILITY or FITNESS FOR A
# PARTICULAR PURPOSE.

# This program built for i386-apple-darwin11.3.0
 
make: *** No rule to make target `all'.  Stop.


# Make data base, printed on Tue Aug  2 22:46:20 2022

# Variables

# automatic
 
<D = $(patsubst %/,%,$(dir $<))
# automatic
?F = $(notdir $?)
# automatic
?D = $(patsubst %/,%,$(dir $?))
# automatic
@D = $(patsubst %/,%,$(dir $@))
# automatic
@F = $(notdir $@)
# makefile
CURDIR := /Users/ducnp/src/homer-simpson
# makefile
SHELL = /bin/sh
# environment
VSCODE_NLS_CONFIG = {"locale":"en-us","availableLanguages":{},"_languagePackSupport":true}
# environment
_ = /usr/bin/make
# makefile (from `Makefile', line 1)
MAKEFILE_LIST :=  Makefile
# environment
VSCODE_AMD_ENTRYPOINT = vs/workbench/api/node/extensionHostProcess
# environment
__CFBundleIdentifier = com.microsoft.VSCode
# environment
VSCODE_CWD = /
# environment
GOPROXY = https://proxy.golang.org,direct
# environment
PATH = /opt/homebrew/bin:/usr/local/bin:/usr/bin:/bin:/usr/sbin:/sbin
# environment
GOPATH = /Users/ducnp/go
# environment
ELECTRON_RUN_AS_NODE = 1
# default
.FEATURES := target-specific order-only second-expansion else-if archives jobserver check-symlink
# environment
SSH_AUTH_SOCK = /private/tmp/com.apple.launchd.CMclBr7NBn/Listeners
# automatic
%F = $(notdir $%)
# environment
PWD = /Users/ducnp/src/homer-simpson
# environment
ORIGINAL_XDG_CURRENT_DESKTOP = undefined
# environment
GOMODCACHE = /Users/ducnp/go/pkg/mod
# environment
HOME = /Users/ducnp
# default
MAKEFILEPATH = $(shell /usr/bin/xcode-select -print-path 2>/dev/null || echo /Developer)/Makefiles
# environment
VSCODE_CODE_CACHE_PATH = /Users/ducnp/Library/Application Support/Code/CachedData/3b889b090b5ad5793f524b5d1d39fda662b96a2a
# environment
LOGNAME = ducnp
# environment
APPLICATION_INSIGHTS_NO_DIAGNOSTIC_CHANNEL = true
# environment
VSCODE_HANDLES_UNCAUGHT_ERRORS = true
# automatic
^D = $(patsubst %/,%,$(dir $^))
# environment
XPC_FLAGS = 0x0
# default
MAKE = $(MAKE_COMMAND)
# default
MAKECMDGOALS := all
# environment
SHLVL = 1
# default
MAKE_VERSION := 3.81
# environment
USER = ducnp
# makefile
.DEFAULT_GOAL := folder
# automatic
%D = $(patsubst %/,%,$(dir $%))
# default
MAKE_COMMAND := /Library/Developer/CommandLineTools/usr/bin/make
# default
.VARIABLES := 
# environment
TMPDIR = /var/folders/g2/_4cgxrgd4v7dfdwdl7s69l0w0000gn/T/
# automatic
*F = $(notdir $*)
# environment
VSCODE_IPC_HOOK = /Users/ducnp/Library/Application Support/Code/1.69.2-main.sock
# environment
MallocNanoZone = 0
# makefile
MAKEFLAGS = Rrqp
# environment
MFLAGS = -Rrqp
# automatic
*D = $(patsubst %/,%,$(dir $*))
# environment
XPC_SERVICE_NAME = application.com.microsoft.VSCode.296373.296379
# automatic
+D = $(patsubst %/,%,$(dir $+))
# automatic
+F = $(notdir $+)
# environment
__CF_USER_TEXT_ENCODING = 0x1F5:0x0:0x0
# environment
COMMAND_MODE = unix2003
# default
MAKEFILES := 
# automatic
<F = $(notdir $<)
 
# environment
LC_ALL = C
# automatic
^F = $(notdir $^)
# default
SUFFIXES := 
# environment
MAKELEVEL := 0
# environment
LANG = C
# environment
VSCODE_PID = 1326
# variable set hash-table stats:
# Load=60/1024=6%, Rehash=0, Collisions=2/83=2%

# Pattern-specific Variable Values

# No pattern-specific variable values.

# Directories

# . (device 16777232, inode 508555): 21 files, no impossibilities.

# 21 files, no impossibilities in 1 directories.

# Implicit Rules

# No implicit rules.

# Files

1:
#  Implicit rule search has not been done.
#  Modification time never checked.
#  File has not been updated.
#  commands to execute (from `Makefile', line 25):
	protoc -I ./proto \
	--go_out ./proto --go_opt paths=source_relative \
	--go-grpc_out ./proto --go-grpc_opt paths=source_relative \
	--grpc-gateway_out ./proto --grpc-gateway_opt paths=source_relative \
	./proto/api/api.proto
	

buildlinux:
#  Implicit rule search has not been done.
#  Modification time never checked.
#  File has not been updated.
#  commands to execute (from `Makefile', line 66):
	docker build -t simpson . --platform=linux/amd64
	

# Not a target:
all:
#  Command-line target.
#  Implicit rule search has been done.
#  File does not exist.
#  File has not been updated.
# variable set hash-table stats:
# Load=0/32=0%, Rehash=0, Collisions=0/0=0%

deps:
#  Implicit rule search has not been done.
#  Modification time never checked.
#  File has not been updated.
#  commands to execute (from `Makefile', line 69):
	docker-compose -f docker-compose.yml up -d
	

# Not a target:
.SUFFIXES:
#  Implicit rule search has not been done.
#  Modification time never checked.
#  File has not been updated.

# Not a target:
Makefile:
#  Implicit rule search has been done.
#  Last modified 2022-08-02 21:58:35
#  File has been updated.
#  Successfully updated.
 
# variable set hash-table stats:
# Load=0/32=0%, Rehash=0, Collisions=0/0=0%

folder:
#  Implicit rule search has not been done.
#  Modification time never checked.
#  File has not been updated.
#  commands to execute (from `Makefile', line 2):
	@mkdir -p cmd
	@mkdir -p cmd/worker
	@mkdir -p cmd/server
	@mkdir -p config
	@mkdir -p db
	@mkdir -p docs
	@mkdir -p genproto
	@mkdir -p internal
	@mkdir -p internal/adapter
	@mkdir -p internal/facade
	@mkdir -p internal/api
	@mkdir -p internal/common
	@mkdir -p internal/dto
	@mkdir -p internal/helper
	@mkdir -p internal/registry
	@mkdir -p internal/service
	@mkdir -p internal/usecase
	@mkdir -p internal/utils
	@mkdir -p thirdparty
	@mkdir -p proto
	@mkdir -p sql
	

gen:
#  Implicit rule search has not been done.
#  Modification time never checked.
#  File has not been updated.
#  commands to execute (from `Makefile', line 32):
	protoc \
	-I thirdparty/googleapis \
	--go_out=./genproto --go_opt=paths=source_relative \
	--go-grpc_out=./genproto --go-grpc_opt=paths=source_relative \
	--go-grpc_opt=require_unimplemented_servers=false \
	proto/*.proto
	

gen1:
#  Implicit rule search has not been done.
#  Modification time never checked.
#  File has not been updated.
#  commands to execute (from `Makefile', line 47):
	protoc -I . \
	-I thirdparty/googleapis \
	--plugin=protoc-gen-grpc-gateway=$GOPATH/bin/protoc-gen-grpc-gateway \
	--grpc-gateway_out ./genproto \
	--grpc-gateway_opt logtostderr=true \
	--grpc-gateway_opt paths=source_relative \
	--go_out=./genproto --go_opt=paths=source_relative \
	--go-grpc_opt=require_unimplemented_servers=false \
	--go-grpc_out=./genproto --go-grpc_opt=paths=source_relative \
	proto/*.proto
	

# Not a target:
.DEFAULT:
#  Implicit rule search has not been done.
#  Modification time never checked.
#  File has not been updated.

get-grpc:
#  Implicit rule search has not been done.
#  Modification time never checked.
#  File has not been updated.
#  commands to execute (from `Makefile', line 40):
	go get \
	github.com/grpc-ecosystem/grpc-gateway/v2/protoc-gen-grpc-gateway \
	github.com/grpc-ecosystem/grpc-gateway/v2/protoc-gen-openapiv2 \
	google.golang.org/protobuf/cmd/protoc-gen-go \
	google.golang.org/grpc/cmd/protoc-gen-go-grpc \
	

install:
#  Implicit rule search has not been done.
#  Modification time never checked.
#  File has not been updated.
#  commands to execute (from `Makefile', line 59):
	go install \
	github.com/grpc-ecosystem/grpc-gateway/v2/protoc-gen-grpc-gateway \
	github.com/grpc-ecosystem/grpc-gateway/v2/protoc-gen-openapiv2 \
	google.golang.org/protobuf/cmd/protoc-gen-go \
	google.golang.org/grpc/cmd/protoc-gen-go-grpc
	

# files hash-table stats:
# Load=12/1024=1%, Rehash=0, Collisions=0/24=0%
# VPATH Search Paths

# No `vpath' search paths.

# No general (`VPATH' variable) search path.

# # of strings in strcache: 1
# # of strcache buffers: 1
# strcache size: total = 4096 / max = 4096 / min = 4096 / avg = 4096
# strcache free: total = 4087 / max = 4087 / min = 4087 / avg = 4087

# Finished Make data base on Tue Aug  2 22:46:20 2022

 
